[    1283ms] [ERROR] Access to fetch at 'http://localhost:8000/api/inventory/products?page=1&page_size=10' from origin 'http://localhost:5175' has been blocked by CORS policy: No 'Access-Control-Allow-Origin' header is present on the requested resource. @ http://localhost:5175/:0
[    1284ms] [ERROR] Failed to load resource: net::ERR_FAILED @ http://localhost:8000/api/inventory/products?page=1&page_size=10:0
[    1285ms] [ERROR] Error fetching products: TypeError: Failed to fetch
    at fetchProducts (http://localhost:5175/src/pages/Inventory.jsx?t=1772541422925:57:30)
    at http://localhost:5175/src/pages/Inventory.jsx?t=1772541422925:359:5
    at commitHookEffectListMount (http://localhost:5175/node_modules/.vite/deps/chunk-TYILIMWK.js?v=772dd5aa:16915:34)
    at commitPassiveMountOnFiber (http://localhost:5175/node_modules/.vite/deps/chunk-TYILIMWK.js?v=772dd5aa:18156:19)
    at commitPassiveMountEffects_complete (http://localhost:5175/node_modules/.vite/deps/chunk-TYILIMWK.js?v=772dd5aa:18129:17)
    at commitPassiveMountEffects_begin (http://localhost:5175/node_modules/.vite/deps/chunk-TYILIMWK.js?v=772dd5aa:18119:15)
    at commitPassiveMountEffects (http://localhost:5175/node_modules/.vite/deps/chunk-TYILIMWK.js?v=772dd5aa:18109:11)
    at flushPassiveEffectsImpl (http://localhost:5175/node_modules/.vite/deps/chunk-TYILIMWK.js?v=772dd5aa:19490:11)
    at flushPassiveEffects (http://localhost:5175/node_modules/.vite/deps/chunk-TYILIMWK.js?v=772dd5aa:19447:22)
    at http://localhost:5175/node_modules/.vite/deps/chunk-TYILIMWK.js?v=772dd5aa:19328:17 @ http://localhost:5175/src/pages/Inventory.jsx?t=1772541422925:67
[    1333ms] [ERROR] Access to fetch at 'http://localhost:8000/api/search/cross-reference/alternatives' from origin 'http://localhost:5175' has been blocked by CORS policy: No 'Access-Control-Allow-Origin' header is present on the requested resource. @ http://localhost:5175/:0
[    1333ms] [ERROR] Failed to load resource: net::ERR_FAILED @ http://localhost:8000/api/search/cross-reference/alternatives:0
[    1334ms] [ERROR] Error fetching alternatives: TypeError: Failed to fetch
    at fetchAlternatives (http://localhost:5175/src/pages/Inventory.jsx?t=1772541422925:75:30)
    at http://localhost:5175/src/pages/Inventory.jsx?t=1772541422925:360:5
    at commitHookEffectListMount (http://localhost:5175/node_modules/.vite/deps/chunk-TYILIMWK.js?v=772dd5aa:16915:34)
    at commitPassiveMountOnFiber (http://localhost:5175/node_modules/.vite/deps/chunk-TYILIMWK.js?v=772dd5aa:18156:19)
    at commitPassiveMountEffects_complete (http://localhost:5175/node_modules/.vite/deps/chunk-TYILIMWK.js?v=772dd5aa:18129:17)
    at commitPassiveMountEffects_begin (http://localhost:5175/node_modules/.vite/deps/chunk-TYILIMWK.js?v=772dd5aa:18119:15)
    at commitPassiveMountEffects (http://localhost:5175/node_modules/.vite/deps/chunk-TYILIMWK.js?v=772dd5aa:18109:11)
    at flushPassiveEffectsImpl (http://localhost:5175/node_modules/.vite/deps/chunk-TYILIMWK.js?v=772dd5aa:19490:11)
    at flushPassiveEffects (http://localhost:5175/node_modules/.vite/deps/chunk-TYILIMWK.js?v=772dd5aa:19447:22)
    at http://localhost:5175/node_modules/.vite/deps/chunk-TYILIMWK.js?v=772dd5aa:19328:17 @ http://localhost:5175/src/pages/Inventory.jsx?t=1772541422925:84
[    1521ms] [ERROR] Access to fetch at 'http://localhost:8000/api/inventory/products?page=1&page_size=10' from origin 'http://localhost:5175' has been blocked by CORS policy: No 'Access-Control-Allow-Origin' header is present on the requested resource. @ http://localhost:5175/:0
[    1521ms] [ERROR] Failed to load resource: net::ERR_FAILED @ http://localhost:8000/api/inventory/products?page=1&page_size=10:0
[    1521ms] [ERROR] Error fetching products: TypeError: Failed to fetch
    at fetchProducts (http://localhost:5175/src/pages/Inventory.jsx?t=1772541422925:57:30)
    at http://localhost:5175/src/pages/Inventory.jsx?t=1772541422925:359:5
    at commitHookEffectListMount (http://localhost:5175/node_modules/.vite/deps/chunk-TYILIMWK.js?v=772dd5aa:16915:34)
    at invokePassiveEffectMountInDEV (http://localhost:5175/node_modules/.vite/deps/chunk-TYILIMWK.js?v=772dd5aa:18324:19)
    at invokeEffectsInDev (http://localhost:5175/node_modules/.vite/deps/chunk-TYILIMWK.js?v=772dd5aa:19701:19)
    at commitDoubleInvokeEffectsInDEV (http://localhost:5175/node_modules/.vite/deps/chunk-TYILIMWK.js?v=772dd5aa:19686:15)
    at flushPassiveEffectsImpl (http://localhost:5175/node_modules/.vite/deps/chunk-TYILIMWK.js?v=772dd5aa:19503:13)
    at flushPassiveEffects (http://localhost:5175/node_modules/.vite/deps/chunk-TYILIMWK.js?v=772dd5aa:19447:22)
    at http://localhost:5175/node_modules/.vite/deps/chunk-TYILIMWK.js?v=772dd5aa:19328:17
    at workLoop (http://localhost:5175/node_modules/.vite/deps/chunk-TYILIMWK.js?v=772dd5aa:197:42) @ http://localhost:5175/src/pages/Inventory.jsx?t=1772541422925:67
[    1568ms] [ERROR] Access to fetch at 'http://localhost:8000/api/search/cross-reference/alternatives' from origin 'http://localhost:5175' has been blocked by CORS policy: No 'Access-Control-Allow-Origin' header is present on the requested resource. @ http://localhost:5175/:0
[    1568ms] [ERROR] Failed to load resource: net::ERR_FAILED @ http://localhost:8000/api/search/cross-reference/alternatives:0
[    1569ms] [ERROR] Error fetching alternatives: TypeError: Failed to fetch
    at fetchAlternatives (http://localhost:5175/src/pages/Inventory.jsx?t=1772541422925:75:30)
    at http://localhost:5175/src/pages/Inventory.jsx?t=1772541422925:360:5
    at commitHookEffectListMount (http://localhost:5175/node_modules/.vite/deps/chunk-TYILIMWK.js?v=772dd5aa:16915:34)
    at invokePassiveEffectMountInDEV (http://localhost:5175/node_modules/.vite/deps/chunk-TYILIMWK.js?v=772dd5aa:18324:19)
    at invokeEffectsInDev (http://localhost:5175/node_modules/.vite/deps/chunk-TYILIMWK.js?v=772dd5aa:19701:19)
    at commitDoubleInvokeEffectsInDEV (http://localhost:5175/node_modules/.vite/deps/chunk-TYILIMWK.js?v=772dd5aa:19686:15)
    at flushPassiveEffectsImpl (http://localhost:5175/node_modules/.vite/deps/chunk-TYILIMWK.js?v=772dd5aa:19503:13)
    at flushPassiveEffects (http://localhost:5175/node_modules/.vite/deps/chunk-TYILIMWK.js?v=772dd5aa:19447:22)
    at http://localhost:5175/node_modules/.vite/deps/chunk-TYILIMWK.js?v=772dd5aa:19328:17
    at workLoop (http://localhost:5175/node_modules/.vite/deps/chunk-TYILIMWK.js?v=772dd5aa:197:42) @ http://localhost:5175/src/pages/Inventory.jsx?t=1772541422925:84
